<?xml version="1.0" encoding="UTF-8"?>
<!-- Generated by org.testng.reporters.JUnitReportReporter -->
<testsuite hostname="LAPTOP-DQ7KB8NS" failures="0" tests="1" name="FunctionalTesting.GetRequestAutomation" time="1.533" errors="0" timestamp="2024-12-09T13:40:44 IST" skipped="0">
  <testcase classname="FunctionalTesting.GetRequestAutomation" name="getReqAutiomation" time="1.533"/>
</testsuite> <!-- FunctionalTesting.GetRequestAutomation -->
