<?xml version="1.0" encoding="UTF-8"?>
<!-- Generated by org.testng.reporters.JUnitReportReporter -->
<testsuite hostname="LAPTOP-DQ7KB8NS" failures="0" tests="1" name="BaseTest.UtilsTest" time="0.009" errors="0" timestamp="2024-12-12T16:52:16 IST" skipped="0">
  <testcase classname="BaseTest.UtilsTest" name="utilsTest" time="0.009"/>
</testsuite> <!-- BaseTest.UtilsTest -->
