<?xml version="1.0" encoding="UTF-8"?>
<!-- Generated by org.testng.reporters.JUnitReportReporter -->
<testsuite hostname="LAPTOP-DQ7KB8NS" failures="0" tests="1" name="FunctionalTesting.PostReqAutiomation" time="1.800" errors="0" timestamp="2024-12-09T14:04:56 IST" skipped="0">
  <testcase classname="FunctionalTesting.PostReqAutiomation" name="getReqAutiomation" time="1.800"/>
</testsuite> <!-- FunctionalTesting.PostReqAutiomation -->
